{"name": "test_case_create", "status": "broken", "statusDetails": {"message": "selenium.common.exceptions.NoSuchElementException: Message: Cannot locate option with value: 2", "trace": "self = <test_lawsuit.TestLawsuit object at 0x0DC6BA70>\n\n    def test_case_create(self):\n        driver = self.driver\n        self.login()\n        home = HomePage(driver)\n        home.click_law_suit_page()\n        lawsuit = LawsuitPage(driver)\n        lawsuit.click_case_create_btn()\n        # lawsuit.fill_case_information()\n        lawsuit.fill_client_information()\n        lawsuit.fill_defendant_information()\n>       lawsuit.fill_details()\n\ntest_lawsuit.py:40: \n_ _ _ _ _ _ _ _ _ _ _ _ _ _ _ _ _ _ _ _ _ _ _ _ _ _ _ _ _ _ _ _ _ _ _ _ _ _ _ _ _ _ _ _ _ _ _ _ _ _ _ _ \n..\\Pages\\LawsuitPage.py:230: in fill_details\n    select.select_by_value('2')\n_ _ _ _ _ _ _ _ _ _ _ _ _ _ _ _ _ _ _ _ _ _ _ _ _ _ _ _ _ _ _ _ _ _ _ _ _ _ _ _ _ _ _ _ _ _ _ _ _ _ _ _ \n\nself = <selenium.webdriver.support.select.Select object at 0x03838DB0>, value = '2'\n\n    def select_by_value(self, value):\n        \"\"\"Select all options that have a value matching the argument. That is, when given \"foo\" this\n           would select an option like:\n    \n           <option value=\"foo\">Bar</option>\n    \n           :Args:\n            - value - The value to match against\n    \n           throws NoSuchElementException If there is no option with specisied value in SELECT\n           \"\"\"\n        css = \"option[value =%s]\" % self._escapeString(value)\n        opts = self._el.find_elements(By.CSS_SELECTOR, css)\n        matched = False\n        for opt in opts:\n            self._setSelected(opt)\n            if not self.is_multiple:\n                return\n            matched = True\n        if not matched:\n>           raise NoSuchElementException(\"Cannot locate option with value: %s\" % value)\nE           selenium.common.exceptions.NoSuchElementException: Message: Cannot locate option with value: 2\n\nc:\\users\\z003d7tu\\appdata\\local\\programs\\python\\python36-32\\lib\\site-packages\\selenium\\webdriver\\support\\select.py:87: NoSuchElementException"}, "attachments": [{"name": "stdout", "source": "db866fd6-54de-494a-8d5d-419c003dde48-attachment.txt", "type": "text/plain"}], "start": 1567680758348, "stop": 1567680788565, "uuid": "7c7613b4-73e5-46ce-8108-77e0b8710a3b", "historyId": "7ec637b7dca55b92084ea5752fc18001", "testCaseId": "8ce0acc2dff8580dadc295e7ab994dc8", "fullName": "test_lawsuit.TestLawsuit#test_case_create", "labels": [{"name": "parentSuite"}, {"name": "suite", "value": "test_lawsuit"}, {"name": "subSuite", "value": "TestLawsuit"}, {"name": "host", "value": "EVT01066NB"}, {"name": "thread", "value": "13780-MainThread"}, {"name": "framework", "value": "pytest"}, {"name": "language", "value": "cpython3"}, {"name": "package", "value": "test_lawsuit"}]}